<?xml version="1.0" encoding="UTF-8"?>
<!-- Generated by org.testng.reporters.JUnitReportReporter -->
<testsuite skipped="0" hostname="LAPTOP-IIRF7F8F" name="com.michaelkors.testCases.TC_LoginTest_003" tests="1" failures="0" timestamp="2020-12-17T17:27:11 EST" time="18.825" errors="0">
  <testcase name="LoginTest" time="18.825" classname="com.michaelkors.testCases.TC_LoginTest_003"/>
  <system-out/>
</testsuite> <!-- com.michaelkors.testCases.TC_LoginTest_003 -->
