<?xml version="1.0" encoding="UTF-8"?>
<!-- Generated by org.testng.reporters.JUnitReportReporter -->
<testsuite skipped="0" hostname="LAPTOP-IIRF7F8F" name="com.michaelkors.testCases.TC_HandBagsTest_007" tests="1" failures="0" timestamp="2020-12-17T17:27:11 EST" time="37.482" errors="0">
  <testcase name="HandBagsTest" time="37.482" classname="com.michaelkors.testCases.TC_HandBagsTest_007"/>
  <system-out/>
</testsuite> <!-- com.michaelkors.testCases.TC_HandBagsTest_007 -->
