<?xml version="1.0" encoding="UTF-8"?>
<!-- Generated by org.testng.reporters.JUnitReportReporter -->
<testsuite skipped="0" hostname="LAPTOP-IIRF7F8F" name="com.michaelkors.testCases.TC_LoginDDT_004" tests="4" failures="0" timestamp="2020-12-17T17:27:11 EST" time="153.000" errors="0">
  <testcase name="loginTest" time="43.697" classname="com.michaelkors.testCases.TC_LoginDDT_004"/>
  <system-out/>
  <testcase name="loginTest" time="43.908" classname="com.michaelkors.testCases.TC_LoginDDT_004"/>
  <system-out/>
  <testcase name="loginTest" time="43.863" classname="com.michaelkors.testCases.TC_LoginDDT_004"/>
  <system-out/>
  <testcase name="loginTest" time="21.532" classname="com.michaelkors.testCases.TC_LoginDDT_004"/>
  <system-out/>
</testsuite> <!-- com.michaelkors.testCases.TC_LoginDDT_004 -->
