<?xml version="1.0" encoding="UTF-8"?>
<!-- Generated by org.testng.reporters.JUnitReportReporter -->
<testsuite skipped="0" hostname="LAPTOP-IIRF7F8F" name="com.michaelkors.testCases.TC_ShoesTest_009" tests="1" failures="0" timestamp="2020-12-17T17:27:11 EST" time="61.951" errors="0">
  <testcase name="ShoesTest" time="61.951" classname="com.michaelkors.testCases.TC_ShoesTest_009"/>
  <system-out/>
</testsuite> <!-- com.michaelkors.testCases.TC_ShoesTest_009 -->
