<?xml version="1.0" encoding="UTF-8"?>
<!-- Generated by org.testng.reporters.JUnitReportReporter -->
<testsuite skipped="0" hostname="LAPTOP-IIRF7F8F" name="com.michaelkors.testCases.TC_JoinTest_001" tests="3" failures="0" timestamp="2020-12-18T08:39:42 EST" time="78.133" errors="0">
  <testcase name="JoinTest" time="27.898" classname="com.michaelkors.testCases.TC_JoinTest_001"/>
  <system-out/>
  <testcase name="JoinTest" time="20.113" classname="com.michaelkors.testCases.TC_JoinTest_001"/>
  <system-out/>
  <testcase name="JoinTest" time="30.122" classname="com.michaelkors.testCases.TC_JoinTest_001"/>
  <system-out/>
</testsuite> <!-- com.michaelkors.testCases.TC_JoinTest_001 -->
