<?xml version="1.0" encoding="UTF-8"?>
<!-- Generated by org.testng.reporters.JUnitReportReporter -->
<testsuite skipped="0" hostname="LAPTOP-IIRF7F8F" name="com.michaelkors.testCases.TC_WomenTest_005" tests="1" failures="0" timestamp="2020-12-18T08:39:42 EST" time="34.088" errors="0">
  <testcase name="WomenTest" time="34.088" classname="com.michaelkors.testCases.TC_WomenTest_005"/>
  <system-out/>
</testsuite> <!-- com.michaelkors.testCases.TC_WomenTest_005 -->
