<?xml version="1.0" encoding="UTF-8"?>
<!-- Generated by org.testng.reporters.JUnitReportReporter -->
<testsuite skipped="0" hostname="LAPTOP-IIRF7F8F" name="com.michaelkors.testCases.TC_JoinDDT_002" tests="8" failures="0" timestamp="2020-12-18T08:39:42 EST" time="141.822" errors="0">
  <testcase name="JoinDDT" time="30.202" classname="com.michaelkors.testCases.TC_JoinDDT_002"/>
  <system-out/>
  <testcase name="JoinDDT" time="13.631" classname="com.michaelkors.testCases.TC_JoinDDT_002"/>
  <system-out/>
  <testcase name="JoinDDT" time="15.043" classname="com.michaelkors.testCases.TC_JoinDDT_002"/>
  <system-out/>
  <testcase name="JoinDDT" time="13.835" classname="com.michaelkors.testCases.TC_JoinDDT_002"/>
  <system-out/>
  <testcase name="JoinDDT" time="27.147" classname="com.michaelkors.testCases.TC_JoinDDT_002"/>
  <system-out/>
  <testcase name="JoinDDT" time="13.870" classname="com.michaelkors.testCases.TC_JoinDDT_002"/>
  <system-out/>
  <testcase name="JoinDDT" time="14.330" classname="com.michaelkors.testCases.TC_JoinDDT_002"/>
  <system-out/>
  <testcase name="JoinDDT" time="13.764" classname="com.michaelkors.testCases.TC_JoinDDT_002"/>
  <system-out/>
</testsuite> <!-- com.michaelkors.testCases.TC_JoinDDT_002 -->
