<?xml version="1.0" encoding="UTF-8"?>
<!-- Generated by org.testng.reporters.JUnitReportReporter -->
<testsuite skipped="0" hostname="LAPTOP-IIRF7F8F" name="com.michaelkors.testCases.TC_LoginDDT_004" tests="8" failures="0" timestamp="2020-12-18T08:39:42 EST" time="313.366" errors="0">
  <testcase name="loginTest" time="43.987" classname="com.michaelkors.testCases.TC_LoginDDT_004"/>
  <system-out/>
  <testcase name="loginTest" time="43.571" classname="com.michaelkors.testCases.TC_LoginDDT_004"/>
  <system-out/>
  <testcase name="loginTest" time="44.016" classname="com.michaelkors.testCases.TC_LoginDDT_004"/>
  <system-out/>
  <testcase name="loginTest" time="44.126" classname="com.michaelkors.testCases.TC_LoginDDT_004"/>
  <system-out/>
  <testcase name="loginTest" time="23.644" classname="com.michaelkors.testCases.TC_LoginDDT_004"/>
  <system-out/>
  <testcase name="loginTest" time="43.688" classname="com.michaelkors.testCases.TC_LoginDDT_004"/>
  <system-out/>
  <testcase name="loginTest" time="26.053" classname="com.michaelkors.testCases.TC_LoginDDT_004"/>
  <system-out/>
  <testcase name="loginTest" time="44.281" classname="com.michaelkors.testCases.TC_LoginDDT_004"/>
  <system-out/>
</testsuite> <!-- com.michaelkors.testCases.TC_LoginDDT_004 -->
